INFO 2025-04-07 22:41:54,802 autoreload 20096 19992 Watching for file changes with StatReloader
INFO 2025-04-07 22:42:38,960 autoreload 21948 21980 Watching for file changes with StatReloader
WARNING 2025-04-07 22:42:42,663 log 21948 11132 Not Found: /
WARNING 2025-04-07 22:42:42,664 basehttp 21948 11132 "GET / HTTP/1.1" 404 179
WARNING 2025-04-07 22:42:42,670 log 21948 11132 Not Found: /
WARNING 2025-04-07 22:42:42,670 basehttp 21948 11132 "GET / HTTP/1.1" 404 179
WARNING 2025-04-07 22:42:42,898 log 21948 11132 Not Found: /favicon.ico
WARNING 2025-04-07 22:42:42,899 basehttp 21948 11132 "GET /favicon.ico HTTP/1.1" 404 179
WARNING 2025-04-07 22:42:42,902 log 21948 11132 Not Found: /favicon.ico
WARNING 2025-04-07 22:42:42,903 basehttp 21948 11132 "GET /favicon.ico HTTP/1.1" 404 179
WARNING 2025-04-07 22:42:44,231 log 21948 11132 Not Found: /
WARNING 2025-04-07 22:42:44,232 basehttp 21948 11132 "GET / HTTP/1.1" 404 179
ERROR 2025-04-07 22:42:55,916 log 21948 11132 Internal Server Error: /api/todos/
Traceback (most recent call last):
  File "C:\Users\rovic\app dev nako\env\lib\site-packages\django\core\handlers\exception.py", line 55, in inner
    response = get_response(request)
  File "C:\Users\rovic\app dev nako\env\lib\site-packages\django\core\handlers\base.py", line 220, in _get_response
    response = response.render()
  File "C:\Users\rovic\app dev nako\env\lib\site-packages\django\template\response.py", line 114, in render
    self.content = self.rendered_content
  File "C:\Users\rovic\app dev nako\env\lib\site-packages\rest_framework\response.py", line 74, in rendered_content
    ret = renderer.render(self.data, accepted_media_type, context)
  File "C:\Users\rovic\app dev nako\env\lib\site-packages\rest_framework\renderers.py", line 732, in render
    ret = template.render(context, request=renderer_context['request'])
  File "C:\Users\rovic\app dev nako\env\lib\site-packages\django\template\backends\django.py", line 61, in render
    return self.template.render(context)
  File "C:\Users\rovic\app dev nako\env\lib\site-packages\django\template\base.py", line 175, in render
    return self._render(context)
  File "C:\Users\rovic\app dev nako\env\lib\site-packages\django\template\base.py", line 167, in _render
    return self.nodelist.render(context)
  File "C:\Users\rovic\app dev nako\env\lib\site-packages\django\template\base.py", line 1005, in render
    return SafeString("".join([node.render_annotated(context) for node in self]))
  File "C:\Users\rovic\app dev nako\env\lib\site-packages\django\template\base.py", line 1005, in <listcomp>
    return SafeString("".join([node.render_annotated(context) for node in self]))
  File "C:\Users\rovic\app dev nako\env\lib\site-packages\django\template\base.py", line 966, in render_annotated
    return self.render(context)
  File "C:\Users\rovic\app dev nako\env\lib\site-packages\django\template\loader_tags.py", line 157, in render
    return compiled_parent._render(context)
  File "C:\Users\rovic\app dev nako\env\lib\site-packages\django\template\base.py", line 167, in _render
    return self.nodelist.render(context)
  File "C:\Users\rovic\app dev nako\env\lib\site-packages\django\template\base.py", line 1005, in render
    return SafeString("".join([node.render_annotated(context) for node in self]))
  File "C:\Users\rovic\app dev nako\env\lib\site-packages\django\template\base.py", line 1005, in <listcomp>
    return SafeString("".join([node.render_annotated(context) for node in self]))
  File "C:\Users\rovic\app dev nako\env\lib\site-packages\django\template\base.py", line 966, in render_annotated
    return self.render(context)
  File "C:\Users\rovic\app dev nako\env\lib\site-packages\django\template\loader_tags.py", line 63, in render
    result = block.nodelist.render(context)
  File "C:\Users\rovic\app dev nako\env\lib\site-packages\django\template\base.py", line 1005, in render
    return SafeString("".join([node.render_annotated(context) for node in self]))
  File "C:\Users\rovic\app dev nako\env\lib\site-packages\django\template\base.py", line 1005, in <listcomp>
    return SafeString("".join([node.render_annotated(context) for node in self]))
  File "C:\Users\rovic\app dev nako\env\lib\site-packages\django\template\base.py", line 966, in render_annotated
    return self.render(context)
  File "C:\Users\rovic\app dev nako\env\lib\site-packages\django\template\loader_tags.py", line 63, in render
    result = block.nodelist.render(context)
  File "C:\Users\rovic\app dev nako\env\lib\site-packages\django\template\base.py", line 1005, in render
    return SafeString("".join([node.render_annotated(context) for node in self]))
  File "C:\Users\rovic\app dev nako\env\lib\site-packages\django\template\base.py", line 1005, in <listcomp>
    return SafeString("".join([node.render_annotated(context) for node in self]))
  File "C:\Users\rovic\app dev nako\env\lib\site-packages\django\template\base.py", line 966, in render_annotated
    return self.render(context)
  File "C:\Users\rovic\app dev nako\env\lib\site-packages\django\template\loader_tags.py", line 63, in render
    result = block.nodelist.render(context)
  File "C:\Users\rovic\app dev nako\env\lib\site-packages\django\template\base.py", line 1005, in render
    return SafeString("".join([node.render_annotated(context) for node in self]))
  File "C:\Users\rovic\app dev nako\env\lib\site-packages\django\template\base.py", line 1005, in <listcomp>
    return SafeString("".join([node.render_annotated(context) for node in self]))
  File "C:\Users\rovic\app dev nako\env\lib\site-packages\django\template\base.py", line 966, in render_annotated
    return self.render(context)
  File "C:\Users\rovic\app dev nako\env\lib\site-packages\django\templatetags\static.py", line 116, in render
    url = self.url(context)
  File "C:\Users\rovic\app dev nako\env\lib\site-packages\django\templatetags\static.py", line 113, in url
    return self.handle_simple(path)
  File "C:\Users\rovic\app dev nako\env\lib\site-packages\django\templatetags\static.py", line 129, in handle_simple
    return staticfiles_storage.url(path)
  File "C:\Users\rovic\app dev nako\env\lib\site-packages\django\contrib\staticfiles\storage.py", line 203, in url
    return self._url(self.stored_name, name, force)
  File "C:\Users\rovic\app dev nako\env\lib\site-packages\django\contrib\staticfiles\storage.py", line 182, in _url
    hashed_name = hashed_name_func(*args)
  File "C:\Users\rovic\app dev nako\env\lib\site-packages\django\contrib\staticfiles\storage.py", line 513, in stored_name
    raise ValueError(
ValueError: Missing staticfiles manifest entry for 'rest_framework/css/bootstrap.min.css'
ERROR 2025-04-07 22:42:55,918 basehttp 21948 11132 "GET /api/todos/ HTTP/1.1" 500 145
ERROR 2025-04-07 22:44:21,221 log 21948 20772 Internal Server Error: /api/todos/
Traceback (most recent call last):
  File "C:\Users\rovic\app dev nako\env\lib\site-packages\django\core\handlers\exception.py", line 55, in inner
    response = get_response(request)
  File "C:\Users\rovic\app dev nako\env\lib\site-packages\django\core\handlers\base.py", line 220, in _get_response
    response = response.render()
  File "C:\Users\rovic\app dev nako\env\lib\site-packages\django\template\response.py", line 114, in render
    self.content = self.rendered_content
  File "C:\Users\rovic\app dev nako\env\lib\site-packages\rest_framework\response.py", line 74, in rendered_content
    ret = renderer.render(self.data, accepted_media_type, context)
  File "C:\Users\rovic\app dev nako\env\lib\site-packages\rest_framework\renderers.py", line 732, in render
    ret = template.render(context, request=renderer_context['request'])
  File "C:\Users\rovic\app dev nako\env\lib\site-packages\django\template\backends\django.py", line 61, in render
    return self.template.render(context)
  File "C:\Users\rovic\app dev nako\env\lib\site-packages\django\template\base.py", line 175, in render
    return self._render(context)
  File "C:\Users\rovic\app dev nako\env\lib\site-packages\django\template\base.py", line 167, in _render
    return self.nodelist.render(context)
  File "C:\Users\rovic\app dev nako\env\lib\site-packages\django\template\base.py", line 1005, in render
    return SafeString("".join([node.render_annotated(context) for node in self]))
  File "C:\Users\rovic\app dev nako\env\lib\site-packages\django\template\base.py", line 1005, in <listcomp>
    return SafeString("".join([node.render_annotated(context) for node in self]))
  File "C:\Users\rovic\app dev nako\env\lib\site-packages\django\template\base.py", line 966, in render_annotated
    return self.render(context)
  File "C:\Users\rovic\app dev nako\env\lib\site-packages\django\template\loader_tags.py", line 157, in render
    return compiled_parent._render(context)
  File "C:\Users\rovic\app dev nako\env\lib\site-packages\django\template\base.py", line 167, in _render
    return self.nodelist.render(context)
  File "C:\Users\rovic\app dev nako\env\lib\site-packages\django\template\base.py", line 1005, in render
    return SafeString("".join([node.render_annotated(context) for node in self]))
  File "C:\Users\rovic\app dev nako\env\lib\site-packages\django\template\base.py", line 1005, in <listcomp>
    return SafeString("".join([node.render_annotated(context) for node in self]))
  File "C:\Users\rovic\app dev nako\env\lib\site-packages\django\template\base.py", line 966, in render_annotated
    return self.render(context)
  File "C:\Users\rovic\app dev nako\env\lib\site-packages\django\template\loader_tags.py", line 63, in render
    result = block.nodelist.render(context)
  File "C:\Users\rovic\app dev nako\env\lib\site-packages\django\template\base.py", line 1005, in render
    return SafeString("".join([node.render_annotated(context) for node in self]))
  File "C:\Users\rovic\app dev nako\env\lib\site-packages\django\template\base.py", line 1005, in <listcomp>
    return SafeString("".join([node.render_annotated(context) for node in self]))
  File "C:\Users\rovic\app dev nako\env\lib\site-packages\django\template\base.py", line 966, in render_annotated
    return self.render(context)
  File "C:\Users\rovic\app dev nako\env\lib\site-packages\django\template\loader_tags.py", line 63, in render
    result = block.nodelist.render(context)
  File "C:\Users\rovic\app dev nako\env\lib\site-packages\django\template\base.py", line 1005, in render
    return SafeString("".join([node.render_annotated(context) for node in self]))
  File "C:\Users\rovic\app dev nako\env\lib\site-packages\django\template\base.py", line 1005, in <listcomp>
    return SafeString("".join([node.render_annotated(context) for node in self]))
  File "C:\Users\rovic\app dev nako\env\lib\site-packages\django\template\base.py", line 966, in render_annotated
    return self.render(context)
  File "C:\Users\rovic\app dev nako\env\lib\site-packages\django\template\loader_tags.py", line 63, in render
    result = block.nodelist.render(context)
  File "C:\Users\rovic\app dev nako\env\lib\site-packages\django\template\base.py", line 1005, in render
    return SafeString("".join([node.render_annotated(context) for node in self]))
  File "C:\Users\rovic\app dev nako\env\lib\site-packages\django\template\base.py", line 1005, in <listcomp>
    return SafeString("".join([node.render_annotated(context) for node in self]))
  File "C:\Users\rovic\app dev nako\env\lib\site-packages\django\template\base.py", line 966, in render_annotated
    return self.render(context)
  File "C:\Users\rovic\app dev nako\env\lib\site-packages\django\templatetags\static.py", line 116, in render
    url = self.url(context)
  File "C:\Users\rovic\app dev nako\env\lib\site-packages\django\templatetags\static.py", line 113, in url
    return self.handle_simple(path)
  File "C:\Users\rovic\app dev nako\env\lib\site-packages\django\templatetags\static.py", line 129, in handle_simple
    return staticfiles_storage.url(path)
  File "C:\Users\rovic\app dev nako\env\lib\site-packages\django\contrib\staticfiles\storage.py", line 203, in url
    return self._url(self.stored_name, name, force)
  File "C:\Users\rovic\app dev nako\env\lib\site-packages\django\contrib\staticfiles\storage.py", line 182, in _url
    hashed_name = hashed_name_func(*args)
  File "C:\Users\rovic\app dev nako\env\lib\site-packages\django\contrib\staticfiles\storage.py", line 513, in stored_name
    raise ValueError(
ValueError: Missing staticfiles manifest entry for 'rest_framework/css/bootstrap.min.css'
ERROR 2025-04-07 22:44:21,224 basehttp 21948 20772 "GET /api/todos/ HTTP/1.1" 500 145
INFO 2025-04-07 22:46:35,151 autoreload 20268 3228 Watching for file changes with StatReloader
INFO 2025-04-07 22:46:38,238 basehttp 20268 22396 "GET /api/todos/ HTTP/1.1" 200 6908
INFO 2025-04-07 22:46:38,293 basehttp 20268 360 "GET /static/rest_framework/css/prettify.a987f72342ee.css HTTP/1.1" 200 390
INFO 2025-04-07 22:46:38,295 basehttp 20268 22396 "GET /static/rest_framework/css/bootstrap.min.f17d4516b026.css HTTP/1.1" 200 19657
INFO 2025-04-07 22:46:38,295 basehttp 20268 3324 "GET /static/rest_framework/css/bootstrap-tweaks.ee4ee6acf9eb.css HTTP/1.1" 200 1282
INFO 2025-04-07 22:46:38,299 basehttp 20268 13296 "GET /static/rest_framework/css/default.789dfb5732d7.css HTTP/1.1" 200 612
INFO 2025-04-07 22:46:38,300 basehttp 20268 14580 "GET /static/rest_framework/js/jquery-3.7.1.min.2c872dbe60f4.js HTTP/1.1" 200 30336
INFO 2025-04-07 22:46:38,311 basehttp 20268 19784 "GET /static/rest_framework/js/ajax-form.4e1cdcb7acab.js HTTP/1.1" 200 1645
INFO 2025-04-07 22:46:38,315 basehttp 20268 14580 "GET /static/rest_framework/js/load-ajax-form.8cdb3a9f3466.js HTTP/1.1" 200 59
INFO 2025-04-07 22:46:38,318 basehttp 20268 360 "GET /static/rest_framework/js/bootstrap.min.2f34b630ffe3.js HTTP/1.1" 200 10896
INFO 2025-04-07 22:46:38,320 basehttp 20268 22396 "GET /static/rest_framework/js/prettify-min.709bfcc456c6.js HTTP/1.1" 200 6025
INFO 2025-04-07 22:46:38,323 basehttp 20268 13296 "GET /static/rest_framework/js/default.5b08897dbdc3.js HTTP/1.1" 200 571
INFO 2025-04-07 22:46:38,326 basehttp 20268 3324 "GET /static/rest_framework/js/csrf.455080a7b2ce.js HTTP/1.1" 200 827
INFO 2025-04-07 22:46:38,326 basehttp 20268 19784 "GET /static/rest_framework/img/grid.a4b938cf382b.png HTTP/1.1" 200 1458
INFO 2025-04-07 22:46:40,162 basehttp 20268 19784 "GET /api/todos/ HTTP/1.1" 200 6908
INFO 2025-04-07 22:46:40,754 basehttp 20268 19784 "GET /api/todos/ HTTP/1.1" 200 6908
INFO 2025-04-07 22:46:41,796 basehttp 20268 19784 "GET /api/todos/ HTTP/1.1" 200 6908
INFO 2025-04-07 22:46:42,596 basehttp 20268 19784 "GET /api/todos/ HTTP/1.1" 200 6908
INFO 2025-04-07 22:46:43,792 basehttp 20268 19784 "GET /api/todos/ HTTP/1.1" 200 6908
